<?xml version="1.0" encoding="UTF-8"?>
<!-- Generated by org.testng.reporters.JUnitReportReporter -->
<testsuite hostname="ubuntu" name="sampleTest" tests="1" failures="0" timestamp="15 Jul 2014 19:18:39 GMT" time="0.070" errors="0">
  <testcase name="selection" time="0.070" classname="sampleTest"/>
</testsuite>
