<?xml version="1.0" encoding="UTF-8"?>
<!-- Generated by org.testng.reporters.JUnitReportReporter -->
<testsuite hostname="ubuntu" name="sampleTest" tests="1" failures="0" timestamp="15 Jul 2014 22:42:29 GMT" time="0.063" errors="0">
  <testcase name="selection" time="0.063" classname="sampleTest"/>
</testsuite>
