<?xml version="1.0" encoding="UTF-8"?>
<!-- Generated by org.testng.reporters.JUnitReportReporter -->
<testsuite hostname="ubuntu" name="sampletest" tests="1" failures="0" timestamp="14 Jul 2014 18:51:39 GMT" time="0.017" errors="0">
  <testcase name="selection" time="0.017" classname="sampletest"/>
</testsuite> <!-- sampletest -->
